[22:31:12] [main/WARN]: Ambiguity between arguments [teleport, destination] and [teleport, targets] with inputs: [Player, 0123, @e, dd12be42-52a9-4a91-a8a1-11c01849e498]
[22:31:12] [main/WARN]: Ambiguity between arguments [teleport, location] and [teleport, destination] with inputs: [0.1 -0.5 .9, 0 0 0]
[22:31:12] [main/WARN]: Ambiguity between arguments [teleport, location] and [teleport, targets] with inputs: [0.1 -0.5 .9, 0 0 0]
[22:31:12] [main/WARN]: Ambiguity between arguments [teleport, targets] and [teleport, destination] with inputs: [Player, 0123, dd12be42-52a9-4a91-a8a1-11c01849e498]
[22:31:12] [main/WARN]: Ambiguity between arguments [teleport, targets, location] and [teleport, targets, destination] with inputs: [0.1 -0.5 .9, 0 0 0]
[22:31:15] [Server thread/INFO]: Starting minecraft server version 1.15.2
[22:31:15] [Server thread/INFO]: Loading properties
[22:31:15] [Server thread/INFO]: Default game type: SURVIVAL
[22:31:15] [Server thread/INFO]: Generating keypair
[22:31:15] [Server thread/INFO]: Starting Minecraft server on 127.0.0.1:2020
[22:31:15] [Server thread/INFO]: Using default channel type
[22:31:17] [Server thread/WARN]: **** SERVER IS RUNNING IN OFFLINE/INSECURE MODE!
[22:31:17] [Server thread/WARN]: The server will make no attempt to authenticate usernames. Beware.
[22:31:17] [Server thread/WARN]: While this makes the game possible to play without internet access, it also opens up the ability for hackers to connect with any username they choose.
[22:31:17] [Server thread/WARN]: To change this, set "online-mode" to "true" in the server.properties file.
[22:31:17] [Server thread/INFO]: Preparing level "world"
[22:31:17] [Server thread/INFO]: Reloading ResourceManager: Default
[22:31:19] [Server thread/INFO]: Loaded 6 recipes
[22:31:20] [Server thread/INFO]: Loaded 825 advancements
[22:31:25] [Server thread/INFO]: Preparing start region for dimension minecraft:overworld
[22:31:27] [Server thread/INFO]: Preparing spawn area: 0%
[22:31:27] [Server thread/INFO]: Preparing spawn area: 0%
[22:31:27] [Server thread/INFO]: Preparing spawn area: 0%
[22:31:27] [Server thread/INFO]: Preparing spawn area: 0%
[22:31:27] [Server thread/INFO]: Preparing spawn area: 0%
[22:31:27] [Server thread/INFO]: Preparing spawn area: 0%
[22:31:28] [Server thread/INFO]: Preparing spawn area: 71%
[22:31:28] [Server thread/INFO]: Time elapsed: 3189 ms
[22:31:28] [Server thread/INFO]: Done (10.830s)! For help, type "help"
[22:37:57] [Server thread/INFO]: Kirizuro[/127.0.0.1:57914] logged in with entity id 32 at (253.9326948540231, 62.07326418352341, -1128.680487371398)
[22:37:57] [Server thread/INFO]: Kirizuro joined the game
[22:46:29] [Server thread/INFO]: Kirizuro lost connection: Timed out
[22:46:29] [Server thread/INFO]: Kirizuro left the game
[22:47:03] [Server thread/INFO]: Kirizuro[/127.0.0.1:57956] logged in with entity id 4141 at (-209.4197546798518, 62.07326482931291, -1207.1752842189762)
[22:47:03] [Server thread/INFO]: Kirizuro joined the game
[22:48:26] [Server thread/WARN]: Boat moved wrongly!
[22:56:54] [Server thread/INFO]: Kirizuro lost connection: Disconnected
[22:56:54] [Server thread/INFO]: Kirizuro left the game
